<?xml version="1.0" encoding="UTF-8"?>
<!-- Generated by org.testng.reporters.JUnitXMLReporter -->
<testsuite ignored="2" hostname="DESKTOP-J7CV5QU" failures="0" tests="1" name="DownloadFiles" time="3.97" errors="0" timestamp="2026-03-13T16:14:09 CET">
  <testcase classname="Inc.SaveFrom.tests.ErrorValidation" name="emptyRequest" time="1.603"/>
  <testcase classname="Inc.SaveFrom.tests.ErrorValidation" name="IncompleteLink" time="0.0">
    <ignored/>
  </testcase> <!-- IncompleteLink -->
  <testcase classname="Inc.SaveFrom.tests.ErrorValidation" name="privateLink" time="0.0">
    <ignored/>
  </testcase> <!-- privateLink -->
</testsuite> <!-- DownloadFiles -->
