<?xml version="1.0" encoding="UTF-8"?>
<!-- Generated by org.testng.reporters.JUnitXMLReporter -->
<testsuite ignored="4" hostname="DESKTOP-J7CV5QU" failures="1" tests="1" name="Regression" time="4.752" errors="0" timestamp="2026-02-25T11:16:15 CET">
  <testcase classname="Inc.SaveFrom.tests.DownloadFiles" name="downloadVideoandPhoto" time="2.067">
    <failure type="org.openqa.selenium.ElementClickInterceptedException" message="element click intercepted: Element &amp;lt;button class=&amp;quot;output-list__caption-read-more&amp;quot;&amp;gt;...&amp;lt;/button&amp;gt; is not clickable at point (1038, 412). Other element would receive the click: &amp;lt;div class=&amp;quot;fc-dialog-overlay&amp;quot;&amp;gt;&amp;lt;/div&amp;gt;
  (Session info: chrome=145.0.7632.110)
Build info: version: &amp;apos;4.40.0&amp;apos;, revision: &amp;apos;b3333f1&amp;apos;
System info: os.name: &amp;apos;Windows 11&amp;apos;, os.arch: &amp;apos;amd64&amp;apos;, os.version: &amp;apos;10.0&amp;apos;, java.version: &amp;apos;21.0.9&amp;apos;
Driver info: org.openqa.selenium.chrome.ChromeDriver
Command: [932844855134e41e7a19c5f8e79ed8ee, clickElement {id=f.643D8BE01B795C00C7235808534A2378.d.E82ACE456FD0B82879B1AA579B408F10.e.47}]
Capabilities {acceptInsecureCerts: false, browserName: chrome, browserVersion: 145.0.7632.110, chrome: {chromedriverVersion: 145.0.7632.117 (de4e5d6e13b..., userDataDir: C:\Users\sofia\AppData\Loca...}, fedcm:accounts: true, goog:chromeOptions: {debuggerAddress: localhost:52059}, goog:processID: 31560, networkConnectionEnabled: false, pageLoadStrategy: normal, platformName: windows, proxy: Proxy(), se:cdp: ws://localhost:52059/devtoo..., se:cdpVersion: 145.0.7632.110, setWindowRect: true, strictFileInteractability: false, timeouts: {implicit: 0, pageLoad: 300000, script: 30000}, unhandledPromptBehavior: dismiss and notify, webauthn:extension:credBlob: true, webauthn:extension:largeBlob: true, webauthn:extension:minPinLength: true, webauthn:extension:prf: true, webauthn:virtualAuthenticators: true}
Element: [[ChromeDriver: chrome on windows (932844855134e41e7a19c5f8e79ed8ee)] -&amp;gt; xpath: //button[@class=&amp;apos;output-list__caption-read-more&amp;apos;]]
Session ID: 932844855134e41e7a19c5f8e79ed8ee">
      <![CDATA[org.openqa.selenium.ElementClickInterceptedException: element click intercepted: Element <button class="output-list__caption-read-more">...</button> is not clickable at point (1038, 412). Other element would receive the click: <div class="fc-dialog-overlay"></div>
  (Session info: chrome=145.0.7632.110)
Build info: version: '4.40.0', revision: 'b3333f1'
System info: os.name: 'Windows 11', os.arch: 'amd64', os.version: '10.0', java.version: '21.0.9'
Driver info: org.openqa.selenium.chrome.ChromeDriver
Command: [932844855134e41e7a19c5f8e79ed8ee, clickElement {id=f.643D8BE01B795C00C7235808534A2378.d.E82ACE456FD0B82879B1AA579B408F10.e.47}]
Capabilities {acceptInsecureCerts: false, browserName: chrome, browserVersion: 145.0.7632.110, chrome: {chromedriverVersion: 145.0.7632.117 (de4e5d6e13b..., userDataDir: C:\Users\sofia\AppData\Loca...}, fedcm:accounts: true, goog:chromeOptions: {debuggerAddress: localhost:52059}, goog:processID: 31560, networkConnectionEnabled: false, pageLoadStrategy: normal, platformName: windows, proxy: Proxy(), se:cdp: ws://localhost:52059/devtoo..., se:cdpVersion: 145.0.7632.110, setWindowRect: true, strictFileInteractability: false, timeouts: {implicit: 0, pageLoad: 300000, script: 30000}, unhandledPromptBehavior: dismiss and notify, webauthn:extension:credBlob: true, webauthn:extension:largeBlob: true, webauthn:extension:minPinLength: true, webauthn:extension:prf: true, webauthn:virtualAuthenticators: true}
Element: [[ChromeDriver: chrome on windows (932844855134e41e7a19c5f8e79ed8ee)] -> xpath: //button[@class='output-list__caption-read-more']]
Session ID: 932844855134e41e7a19c5f8e79ed8ee
at org.openqa.selenium.remote.ErrorCodec.decode(ErrorCodec.java:169)
at org.openqa.selenium.remote.codec.w3c.W3CHttpResponseCodec.decode(W3CHttpResponseCodec.java:142)
at org.openqa.selenium.remote.codec.w3c.W3CHttpResponseCodec.decode(W3CHttpResponseCodec.java:49)
at org.openqa.selenium.remote.HttpCommandExecutor.execute(HttpCommandExecutor.java:223)
at org.openqa.selenium.remote.service.DriverCommandExecutor.invokeExecute(DriverCommandExecutor.java:216)
at org.openqa.selenium.remote.service.DriverCommandExecutor.execute(DriverCommandExecutor.java:174)
at org.openqa.selenium.remote.RemoteWebDriver.execute(RemoteWebDriver.java:601)
at org.openqa.selenium.remote.RemoteWebElement.execute(RemoteWebElement.java:223)
at org.openqa.selenium.remote.RemoteWebElement.click(RemoteWebElement.java:76)
at Inc.SaveFrom.pageObjects.MainPage.searchPostFile(MainPage.java:137)
at Inc.SaveFrom.tests.DownloadFiles.downloadVideoandPhoto(DownloadFiles.java:44)
at java.base/java.util.ArrayList.forEach(ArrayList.java:1596)
at java.base/java.util.concurrent.FutureTask.run(FutureTask.java:317)
at java.base/java.util.concurrent.ThreadPoolExecutor.runWorker(ThreadPoolExecutor.java:1144)
at java.base/java.util.concurrent.ThreadPoolExecutor$Worker.run(ThreadPoolExecutor.java:642)
at java.base/java.lang.Thread.run(Thread.java:1583)
... Removed 15 stack frames]]>
    </failure>
  </testcase> <!-- downloadVideoandPhoto -->
  <testcase classname="Inc.SaveFrom.tests.DownloadFiles" name="downloadByProfile" time="0.0">
    <ignored/>
  </testcase> <!-- downloadByProfile -->
  <testcase classname="Inc.SaveFrom.tests.DownloadFiles" name="downloadStory" time="0.0">
    <ignored/>
  </testcase> <!-- downloadStory -->
  <testcase classname="Inc.SaveFrom.tests.DownloadFiles" name="checkInputField" time="0.0">
    <ignored/>
  </testcase> <!-- checkInputField -->
  <testcase classname="Inc.SaveFrom.tests.DownloadFiles" name="downloadReelsAndIgtv" time="0.0">
    <ignored/>
  </testcase> <!-- downloadReelsAndIgtv -->
</testsuite> <!-- Regression -->
