<?xml version="1.0" encoding="UTF-8"?>
<!-- Generated by org.testng.reporters.JUnitXMLReporter -->
<testsuite ignored="0" hostname="DESKTOP-J7CV5QU" failures="0" tests="5" name="LinksValidation" time="100.671" errors="0" timestamp="2026-02-24T15:00:33 CET">
  <testcase classname="Inc.SaveFrom.tests.LinkHealthTest" name="igtvPageLinks" time="20.521"/>
  <testcase classname="Inc.SaveFrom.tests.LinkHealthTest" name="mainPageLinks" time="13.569"/>
  <testcase classname="Inc.SaveFrom.tests.LinkHealthTest" name="photoPageLinks" time="20.663"/>
  <testcase classname="Inc.SaveFrom.tests.LinkHealthTest" name="reelsPageLinks" time="18.274"/>
  <testcase classname="Inc.SaveFrom.tests.LinkHealthTest" name="storyPageLinks" time="17.947"/>
</testsuite> <!-- LinksValidation -->
