<?xml version="1.0" encoding="UTF-8"?>
<!-- Generated by org.testng.reporters.JUnitXMLReporter -->
<testsuite ignored="0" hostname="DESKTOP-J7CV5QU" failures="0" tests="5" name="Default test" time="161.894" errors="0" timestamp="2026-02-24T21:52:30 CET">
  <testcase classname="Inc.SaveFrom.tests.Regression" name="checkInputField" time="1.784"/>
  <testcase classname="Inc.SaveFrom.tests.Regression" name="downloadByProfile" time="33.625"/>
  <testcase classname="Inc.SaveFrom.tests.Regression" name="downloadReelsAndIgtv" time="35.377"/>
  <testcase classname="Inc.SaveFrom.tests.Regression" name="downloadStory" time="22.021"/>
  <testcase classname="Inc.SaveFrom.tests.Regression" name="downloadVideoandPhoto" time="57.397"/>
</testsuite> <!-- Default test -->
