<?xml version="1.0" encoding="UTF-8"?>
<!-- Generated by org.testng.reporters.JUnitXMLReporter -->
<testsuite ignored="0" hostname="DESKTOP-J7CV5QU" failures="0" tests="5" name="Default test" time="90.17" errors="0" timestamp="2026-02-20T17:08:11 CET">
  <testcase classname="Inc.SaveFrom.tests.LinkHealthTest" name="igtvPageLinks" time="15.972"/>
  <testcase classname="Inc.SaveFrom.tests.LinkHealthTest" name="mainPageLinks" time="16.466"/>
  <testcase classname="Inc.SaveFrom.tests.LinkHealthTest" name="photoPageLinks" time="19.269"/>
  <testcase classname="Inc.SaveFrom.tests.LinkHealthTest" name="reelsPageLinks" time="18.323"/>
  <testcase classname="Inc.SaveFrom.tests.LinkHealthTest" name="storyPageLinks" time="18.041"/>
</testsuite> <!-- Default test -->
