<?xml version="1.0" encoding="UTF-8"?>
<testsuite xmlns:xsi="http://www.w3.org/2001/XMLSchema-instance" xsi:noNamespaceSchemaLocation="https://maven.apache.org/surefire/maven-surefire-plugin/xsd/surefire-test-report.xsd" version="3.0.1" name="TestSuite" time="101.45" tests="10" errors="0" skipped="0" failures="5">
  <properties>
[...]
</properties>
  <testcase name="checkInputField" classname="Inc.SaveFrom.tests.Regression" time="10.097">
    <failure message="Expected condition failed: waiting for visibility of [[ChromeDriver: chrome on windows (e88c3ea9a791093ffa47ac6f23f09674)] -&gt; xpath: //ins]&#10;(tried for 7 seconds with 500 milliseconds interval)&#10;Build info: version: &apos;4.40.0&apos;, revision: &apos;b3333f1&apos;&#10;System info: os.name: &apos;Windows 11&apos;, os.arch: &apos;amd64&apos;, os.version: &apos;10.0&apos;, java.version: &apos;21.0.9&apos;&#10;Driver info: org.openqa.selenium.chrome.ChromeDriver&#10;Capabilities {acceptInsecureCerts: false, browserName: chrome, browserVersion: 145.0.7632.110, chrome: {chromedriverVersion: 145.0.7632.117 (de4e5d6e13b..., userDataDir: C:\Users\sofia\AppData\Loca...}, fedcm:accounts: true, goog:chromeOptions: {debuggerAddress: localhost:62049}, goog:processID: 17084, networkConnectionEnabled: false, pageLoadStrategy: normal, platformName: windows, proxy: Proxy(), se:cdp: ws://localhost:62049/devtoo..., se:cdpVersion: 145.0.7632.110, setWindowRect: true, strictFileInteractability: false, timeouts: {implicit: 0, pageLoad: 300000, script: 30000}, unhandledPromptBehavior: dismiss and notify, webauthn:extension:credBlob: true, webauthn:extension:largeBlob: true, webauthn:extension:minPinLength: true, webauthn:extension:prf: true, webauthn:virtualAuthenticators: true}&#10;Session ID: e88c3ea9a791093ffa47ac6f23f09674" type="org.openqa.selenium.TimeoutException"><![CDATA[org.openqa.selenium.TimeoutException: 
Expected condition failed: waiting for visibility of [[ChromeDriver: chrome on windows (e88c3ea9a791093ffa47ac6f23f09674)] -> xpath: //ins]
(tried for 7 seconds with 500 milliseconds interval)
Build info: version: '4.40.0', revision: 'b3333f1'
System info: os.name: 'Windows 11', os.arch: 'amd64', os.version: '10.0', java.version: '21.0.9'
Driver info: org.openqa.selenium.chrome.ChromeDriver
Capabilities {acceptInsecureCerts: false, browserName: chrome, browserVersion: 145.0.7632.110, chrome: {chromedriverVersion: 145.0.7632.117 (de4e5d6e13b..., userDataDir: C:\Users\sofia\AppData\Loca...}, fedcm:accounts: true, goog:chromeOptions: {debuggerAddress: localhost:62049}, goog:processID: 17084, networkConnectionEnabled: false, pageLoadStrategy: normal, platformName: windows, proxy: Proxy(), se:cdp: ws://localhost:62049/devtoo..., se:cdpVersion: 145.0.7632.110, setWindowRect: true, strictFileInteractability: false, timeouts: {implicit: 0, pageLoad: 300000, script: 30000}, unhandledPromptBehavior: dismiss and notify, webauthn:extension:credBlob: true, webauthn:extension:largeBlob: true, webauthn:extension:minPinLength: true, webauthn:extension:prf: true, webauthn:virtualAuthenticators: true}
Session ID: e88c3ea9a791093ffa47ac6f23f09674
	at org.openqa.selenium.support.ui.WebDriverWait.timeoutException(WebDriverWait.java:84)
	at org.openqa.selenium.support.ui.FluentWait.until(FluentWait.java:231)
	at Inc.SaveFrom.abstractComponents.AbstractComponent.waitForWebElementToAppear(AbstractComponent.java:29)
	at Inc.SaveFrom.pageObjects.MainPage.acceptConsentDataWithAds(MainPage.java:111)
	at Inc.SaveFrom.tests.Regression.checkInputField(Regression.java:28)
	at java.base/jdk.internal.reflect.DirectMethodHandleAccessor.invoke(DirectMethodHandleAccessor.java:103)
	at java.base/java.lang.reflect.Method.invoke(Method.java:580)
	at org.testng.internal.invokers.MethodInvocationHelper.invokeMethod(MethodInvocationHelper.java:141)
	at org.testng.internal.invokers.TestInvoker.invokeMethod(TestInvoker.java:697)
	at org.testng.internal.invokers.TestInvoker.invokeTestMethod(TestInvoker.java:230)
	at org.testng.internal.invokers.MethodRunner.runInSequence(MethodRunner.java:63)
	at org.testng.internal.invokers.TestInvoker$MethodInvocationAgent.invoke(TestInvoker.java:1005)
	at org.testng.internal.invokers.TestInvoker.invokeTestMethods(TestInvoker.java:203)
	at org.testng.internal.invokers.TestMethodWorker.invokeTestMethods(TestMethodWorker.java:154)
	at org.testng.internal.invokers.TestMethodWorker.run(TestMethodWorker.java:134)
	at java.base/java.util.ArrayList.forEach(ArrayList.java:1596)
	at org.testng.TestRunner.privateRun(TestRunner.java:744)
	at org.testng.TestRunner.run(TestRunner.java:616)
	at org.testng.SuiteRunner.runTest(SuiteRunner.java:421)
	at org.testng.SuiteRunner$SuiteWorker.run(SuiteRunner.java:463)
	at org.testng.internal.thread.ThreadUtil.lambda$execute$0(ThreadUtil.java:64)
	at java.base/java.util.concurrent.FutureTask.run(FutureTask.java:317)
	at java.base/java.util.concurrent.ThreadPoolExecutor.runWorker(ThreadPoolExecutor.java:1144)
	at java.base/java.util.concurrent.ThreadPoolExecutor$Worker.run(ThreadPoolExecutor.java:642)
	at java.base/java.lang.Thread.run(Thread.java:1583)
]]></failure>
    <system-out><![CDATA[[https://igram.world/en1/, https://igram.world/faq, https://igram.world/ar/igtv, https://igram.world/bn/igtv, https://igram.world/cs/igtv, https://igram.world/de/igtv, https://igram.world/el/igtv, https://igram.world/es/igtv, https://igram.world/fa/igtv, https://igram.world/fr/igtv, https://igram.world/hi/igtv, https://igram.world/hu/igtv, https://igram.world/id/igtv, https://igram.world/it/igtv, https://igram.world/ja/igtv, https://igram.world/ko/igtv, https://igram.world/ms/igtv, https://igram.world/nl/igtv, https://igram.world/pl/igtv, https://igram.world/pt/igtv, https://igram.world/ro/igtv, https://igram.world/ru/igtv, https://igram.world/sk/igtv, https://igram.world/sr/igtv, https://igram.world/sv/igtv, https://igram.world/th/igtv, https://igram.world/tr/igtv, https://igram.world/vi/igtv, https://igram.world/zh/igtv, https://igram.world/en1/, https://igram.world/photo, https://igram.world/story-saver, https://igram.world/reels-downloader, https://downloadhelper.app/download/apk/latest.apk, https://igram.world/en1/, https://igram.world/en1/, https://igram.world/carousel, https://igram.world/photo, https://igram.world/reels-downloader, https://igram.world/story-saver, https://igram.world/threads-video-downloader, https://igram.world/contact-us, https://igram.world/privacy-policy, https://igram.world/terms-and-conditions]
]]></system-out>
    <system-err><![CDATA[SLF4J(W): No SLF4J providers were found.
SLF4J(W): Defaulting to no-operation (NOP) logger implementation
SLF4J(W): See https://www.slf4j.org/codes.html#noProviders for further details.
Feb 24, 2026 2:58:54 PM org.openqa.selenium.devtools.CdpVersionFinder findNearestMatch
WARNING: Unable to find an exact match for CDP version 145, returning the closest version; found: 144; Please update to a Selenium version that supports CDP version 145
Feb 24, 2026 2:58:54 PM org.openqa.selenium.devtools.CdpVersionFinder findNearestMatch
WARNING: Unable to find an exact match for CDP version 145, returning the closest version; found: 144; Please update to a Selenium version that supports CDP version 145
]]></system-err>
  </testcase>
  <testcase name="downloadByProfile" classname="Inc.SaveFrom.tests.Regression" time="10.34">
    <failure message="Expected condition failed: waiting for visibility of Proxy element for: DefaultElementLocator &apos;By.cssSelector: .output-component&apos;&#10;(tried for 7 seconds with 500 milliseconds interval)" type="org.openqa.selenium.TimeoutException"><![CDATA[org.openqa.selenium.TimeoutException: 
Expected condition failed: waiting for visibility of Proxy element for: DefaultElementLocator 'By.cssSelector: .output-component'
(tried for 7 seconds with 500 milliseconds interval)
	at org.openqa.selenium.support.ui.WebDriverWait.timeoutException(WebDriverWait.java:84)
	at org.openqa.selenium.support.ui.FluentWait.until(FluentWait.java:231)
	at Inc.SaveFrom.abstractComponents.AbstractComponent.waitForWebElementToAppear(AbstractComponent.java:29)
	at Inc.SaveFrom.pageObjects.MainPage.searchByProfileName(MainPage.java:206)
	at Inc.SaveFrom.tests.Regression.downloadByProfile(Regression.java:123)
	at java.base/jdk.internal.reflect.DirectMethodHandleAccessor.invoke(DirectMethodHandleAccessor.java:103)
	at java.base/java.lang.reflect.Method.invoke(Method.java:580)
	at org.testng.internal.invokers.MethodInvocationHelper.invokeMethod(MethodInvocationHelper.java:141)
	at org.testng.internal.invokers.TestInvoker.invokeMethod(TestInvoker.java:697)
	at org.testng.internal.invokers.TestInvoker.invokeTestMethod(TestInvoker.java:230)
	at org.testng.internal.invokers.MethodRunner.runInSequence(MethodRunner.java:63)
	at org.testng.internal.invokers.TestInvoker$MethodInvocationAgent.invoke(TestInvoker.java:1005)
	at org.testng.internal.invokers.TestInvoker.invokeTestMethods(TestInvoker.java:203)
	at org.testng.internal.invokers.TestMethodWorker.invokeTestMethods(TestMethodWorker.java:154)
	at org.testng.internal.invokers.TestMethodWorker.run(TestMethodWorker.java:134)
	at java.base/java.util.ArrayList.forEach(ArrayList.java:1596)
	at org.testng.TestRunner.privateRun(TestRunner.java:744)
	at org.testng.TestRunner.run(TestRunner.java:616)
	at org.testng.SuiteRunner.runTest(SuiteRunner.java:421)
	at org.testng.SuiteRunner$SuiteWorker.run(SuiteRunner.java:463)
	at org.testng.internal.thread.ThreadUtil.lambda$execute$0(ThreadUtil.java:64)
	at java.base/java.util.concurrent.FutureTask.run(FutureTask.java:317)
	at java.base/java.util.concurrent.ThreadPoolExecutor.runWorker(ThreadPoolExecutor.java:1144)
	at java.base/java.util.concurrent.ThreadPoolExecutor$Worker.run(ThreadPoolExecutor.java:642)
	at java.base/java.lang.Thread.run(Thread.java:1583)
Caused by: org.openqa.selenium.NoSuchElementException: no such element: Unable to locate element: {"method":"css selector","selector":".output-component"}
  (Session info: chrome=145.0.7632.110)
For documentation on this error, please visit: https://www.selenium.dev/documentation/webdriver/troubleshooting/errors#nosuchelementexception
Build info: version: '4.40.0', revision: 'b3333f1'
System info: os.name: 'Windows 11', os.arch: 'amd64', os.version: '10.0', java.version: '21.0.9'
Driver info: org.openqa.selenium.chrome.ChromeDriver
Command: [60082f12a941ac0f80b580ec67d5c4c6, findElement {value=.output-component, using=css selector}]
Capabilities {acceptInsecureCerts: false, browserName: chrome, browserVersion: 145.0.7632.110, chrome: {chromedriverVersion: 145.0.7632.117 (de4e5d6e13b..., userDataDir: C:\Users\sofia\AppData\Loca...}, fedcm:accounts: true, goog:chromeOptions: {debuggerAddress: localhost:57852}, goog:processID: 40284, networkConnectionEnabled: false, pageLoadStrategy: normal, platformName: windows, proxy: Proxy(), se:cdp: ws://localhost:57852/devtoo..., se:cdpVersion: 145.0.7632.110, setWindowRect: true, strictFileInteractability: false, timeouts: {implicit: 0, pageLoad: 300000, script: 30000}, unhandledPromptBehavior: dismiss and notify, webauthn:extension:credBlob: true, webauthn:extension:largeBlob: true, webauthn:extension:minPinLength: true, webauthn:extension:prf: true, webauthn:virtualAuthenticators: true}
Session ID: 60082f12a941ac0f80b580ec67d5c4c6
	at org.openqa.selenium.remote.ErrorCodec.decode(ErrorCodec.java:169)
	at org.openqa.selenium.remote.codec.w3c.W3CHttpResponseCodec.decode(W3CHttpResponseCodec.java:142)
	at org.openqa.selenium.remote.codec.w3c.W3CHttpResponseCodec.decode(W3CHttpResponseCodec.java:49)
	at org.openqa.selenium.remote.HttpCommandExecutor.execute(HttpCommandExecutor.java:223)
	at org.openqa.selenium.remote.service.DriverCommandExecutor.invokeExecute(DriverCommandExecutor.java:216)
	at org.openqa.selenium.remote.service.DriverCommandExecutor.execute(DriverCommandExecutor.java:174)
	at org.openqa.selenium.remote.RemoteWebDriver.execute(RemoteWebDriver.java:601)
	at org.openqa.selenium.remote.ElementLocation$ElementFinder$2.findElement(ElementLocation.java:166)
	at org.openqa.selenium.remote.ElementLocation.findElement(ElementLocation.java:60)
	at org.openqa.selenium.remote.RemoteWebDriver.findElement(RemoteWebDriver.java:424)
	at org.openqa.selenium.remote.RemoteWebDriver.findElement(RemoteWebDriver.java:418)
	at org.openqa.selenium.support.pagefactory.DefaultElementLocator.findElement(DefaultElementLocator.java:68)
	at org.openqa.selenium.support.pagefactory.internal.LocatingElementHandler.invoke(LocatingElementHandler.java:38)
	at jdk.proxy2/jdk.proxy2.$Proxy11.isDisplayed(Unknown Source)
	at org.openqa.selenium.support.ui.ExpectedConditions.elementIfVisible(ExpectedConditions.java:367)
	at org.openqa.selenium.support.ui.ExpectedConditions$10.apply(ExpectedConditions.java:353)
	at org.openqa.selenium.support.ui.ExpectedConditions$10.apply(ExpectedConditions.java:350)
	at org.openqa.selenium.support.ui.FluentWait.until(FluentWait.java:207)
	... 23 more
]]></failure>
    <system-out><![CDATA[[https://igram.world/faq, https://igram.world/ar/, https://igram.world/bn/, https://igram.world/cs/, https://igram.world/de/, https://igram.world/el/, https://igram.world/es/, https://igram.world/fa/, https://igram.world/fr/, https://igram.world/hi/, https://igram.world/hu/, https://igram.world/id/, https://igram.world/it/, https://igram.world/ja/, https://igram.world/ko/, https://igram.world/ms/, https://igram.world/nl/, https://igram.world/pl/, https://igram.world/pt/, https://igram.world/ro/, https://igram.world/ru/, https://igram.world/sk/, https://igram.world/sr/, https://igram.world/sv/, https://igram.world/th/, https://igram.world/tr/, https://igram.world/vi/, https://igram.world/zh/, https://igram.world/photo, https://igram.world/story-saver, https://igram.world/reels-downloader, https://igram.world/igtv, https://downloadhelper.app/download/apk/latest.apk, https://igram.world/carousel, https://igram.world/igtv, https://igram.world/photo, https://igram.world/reels-downloader, https://igram.world/story-saver, https://igram.world/threads-video-downloader, https://igram.world/contact-us, https://igram.world/privacy-policy, https://igram.world/terms-and-conditions]
]]></system-out>
    <system-err><![CDATA[Feb 24, 2026 2:59:16 PM org.openqa.selenium.devtools.CdpVersionFinder findNearestMatch
WARNING: Unable to find an exact match for CDP version 145, returning the closest version; found: 144; Please update to a Selenium version that supports CDP version 145
]]></system-err>
  </testcase>
  <testcase name="downloadReelsAndIgtv[[{name=Instagram_video_01, url= https://www.instagram.com/p/CCbMoeejaUD/?igshid=1wrsn2r3byihx}, {name=Instagram_photo_01, url=https://www.instagram.com/p/DUJHNJMklyq/}, {name=Instagram_photo_highlights_02, url=https://www.instagram.com/stories/highlights/17959604503611048/}, {name=Instagram_stories_01, url=https://www.instagram.com/stories/natgeo/}, {name=Instagram_reels_03, url=https://www.instagram.com/p/DUojLYuDUw3/}, {name=Instagram_igtv_01, url=https://www.instagram.com/tv/CFTyivHnZNd/}, {name=Instagram_carousel_01, url=https://www.instagram.com/p/DKPjx9iI1B-/}]](1)" classname="Inc.SaveFrom.tests.Regression" time="18.063">
    <failure message="Expected condition failed: waiting for visibility of Proxy element for: DefaultElementLocator &apos;By.cssSelector: .output-component&apos;&#10;(tried for 7 seconds with 500 milliseconds interval)" type="org.openqa.selenium.TimeoutException"><![CDATA[org.openqa.selenium.TimeoutException: 
Expected condition failed: waiting for visibility of Proxy element for: DefaultElementLocator 'By.cssSelector: .output-component'
(tried for 7 seconds with 500 milliseconds interval)
	at org.openqa.selenium.support.ui.WebDriverWait.timeoutException(WebDriverWait.java:84)
	at org.openqa.selenium.support.ui.FluentWait.until(FluentWait.java:231)
	at Inc.SaveFrom.abstractComponents.AbstractComponent.waitForWebElementToAppear(AbstractComponent.java:29)
	at Inc.SaveFrom.pageObjects.MainPage.searchPostFile(MainPage.java:142)
	at Inc.SaveFrom.tests.Regression.downloadReelsAndIgtv(Regression.java:100)
	at java.base/jdk.internal.reflect.DirectMethodHandleAccessor.invoke(DirectMethodHandleAccessor.java:103)
	at java.base/java.lang.reflect.Method.invoke(Method.java:580)
	at org.testng.internal.invokers.MethodInvocationHelper.invokeMethod(MethodInvocationHelper.java:141)
	at org.testng.internal.invokers.TestInvoker.invokeMethod(TestInvoker.java:697)
	at org.testng.internal.invokers.TestInvoker.invokeTestMethod(TestInvoker.java:230)
	at org.testng.internal.invokers.MethodRunner.runInSequence(MethodRunner.java:63)
	at org.testng.internal.invokers.TestInvoker$MethodInvocationAgent.invoke(TestInvoker.java:1005)
	at org.testng.internal.invokers.TestInvoker.invokeTestMethods(TestInvoker.java:203)
	at org.testng.internal.invokers.TestMethodWorker.invokeTestMethods(TestMethodWorker.java:154)
	at org.testng.internal.invokers.TestMethodWorker.run(TestMethodWorker.java:134)
	at java.base/java.util.ArrayList.forEach(ArrayList.java:1596)
	at org.testng.TestRunner.privateRun(TestRunner.java:744)
	at org.testng.TestRunner.run(TestRunner.java:616)
	at org.testng.SuiteRunner.runTest(SuiteRunner.java:421)
	at org.testng.SuiteRunner$SuiteWorker.run(SuiteRunner.java:463)
	at org.testng.internal.thread.ThreadUtil.lambda$execute$0(ThreadUtil.java:64)
	at java.base/java.util.concurrent.FutureTask.run(FutureTask.java:317)
	at java.base/java.util.concurrent.ThreadPoolExecutor.runWorker(ThreadPoolExecutor.java:1144)
	at java.base/java.util.concurrent.ThreadPoolExecutor$Worker.run(ThreadPoolExecutor.java:642)
	at java.base/java.lang.Thread.run(Thread.java:1583)
Caused by: org.openqa.selenium.NoSuchElementException: no such element: Unable to locate element: {"method":"css selector","selector":".output-component"}
  (Session info: chrome=145.0.7632.110)
For documentation on this error, please visit: https://www.selenium.dev/documentation/webdriver/troubleshooting/errors#nosuchelementexception
Build info: version: '4.40.0', revision: 'b3333f1'
System info: os.name: 'Windows 11', os.arch: 'amd64', os.version: '10.0', java.version: '21.0.9'
Driver info: org.openqa.selenium.chrome.ChromeDriver
Command: [7c53fc468de40563bb2832d413b88202, findElement {value=.output-component, using=css selector}]
Capabilities {acceptInsecureCerts: false, browserName: chrome, browserVersion: 145.0.7632.110, chrome: {chromedriverVersion: 145.0.7632.117 (de4e5d6e13b..., userDataDir: C:\Users\sofia\AppData\Loca...}, fedcm:accounts: true, goog:chromeOptions: {debuggerAddress: localhost:58272}, goog:processID: 8936, networkConnectionEnabled: false, pageLoadStrategy: normal, platformName: windows, proxy: Proxy(), se:cdp: ws://localhost:58272/devtoo..., se:cdpVersion: 145.0.7632.110, setWindowRect: true, strictFileInteractability: false, timeouts: {implicit: 0, pageLoad: 300000, script: 30000}, unhandledPromptBehavior: dismiss and notify, webauthn:extension:credBlob: true, webauthn:extension:largeBlob: true, webauthn:extension:minPinLength: true, webauthn:extension:prf: true, webauthn:virtualAuthenticators: true}
Session ID: 7c53fc468de40563bb2832d413b88202
	at org.openqa.selenium.remote.ErrorCodec.decode(ErrorCodec.java:169)
	at org.openqa.selenium.remote.codec.w3c.W3CHttpResponseCodec.decode(W3CHttpResponseCodec.java:142)
	at org.openqa.selenium.remote.codec.w3c.W3CHttpResponseCodec.decode(W3CHttpResponseCodec.java:49)
	at org.openqa.selenium.remote.HttpCommandExecutor.execute(HttpCommandExecutor.java:223)
	at org.openqa.selenium.remote.service.DriverCommandExecutor.invokeExecute(DriverCommandExecutor.java:216)
	at org.openqa.selenium.remote.service.DriverCommandExecutor.execute(DriverCommandExecutor.java:174)
	at org.openqa.selenium.remote.RemoteWebDriver.execute(RemoteWebDriver.java:601)
	at org.openqa.selenium.remote.ElementLocation$ElementFinder$2.findElement(ElementLocation.java:166)
	at org.openqa.selenium.remote.ElementLocation.findElement(ElementLocation.java:60)
	at org.openqa.selenium.remote.RemoteWebDriver.findElement(RemoteWebDriver.java:424)
	at org.openqa.selenium.remote.RemoteWebDriver.findElement(RemoteWebDriver.java:418)
	at org.openqa.selenium.support.pagefactory.DefaultElementLocator.findElement(DefaultElementLocator.java:68)
	at org.openqa.selenium.support.pagefactory.internal.LocatingElementHandler.invoke(LocatingElementHandler.java:38)
	at jdk.proxy2/jdk.proxy2.$Proxy11.isDisplayed(Unknown Source)
	at org.openqa.selenium.support.ui.ExpectedConditions.elementIfVisible(ExpectedConditions.java:367)
	at org.openqa.selenium.support.ui.ExpectedConditions$10.apply(ExpectedConditions.java:353)
	at org.openqa.selenium.support.ui.ExpectedConditions$10.apply(ExpectedConditions.java:350)
	at org.openqa.selenium.support.ui.FluentWait.until(FluentWait.java:207)
	... 23 more
]]></failure>
    <system-out><![CDATA[[https://igram.world/en1/, https://igram.world/faq, https://igram.world/ar/photo, https://igram.world/bn/photo, https://igram.world/cs/photo, https://igram.world/de/photo, https://igram.world/el/photo, https://igram.world/es/photo, https://igram.world/fa/photo, https://igram.world/fr/photo, https://igram.world/hi/photo, https://igram.world/hu/photo, https://igram.world/id/photo, https://igram.world/it/photo, https://igram.world/ja/photo, https://igram.world/ko/photo, https://igram.world/ms/photo, https://igram.world/nl/photo, https://igram.world/pl/photo, https://igram.world/pt/photo, https://igram.world/ro/photo, https://igram.world/ru/photo, https://igram.world/sk/photo, https://igram.world/sr/photo, https://igram.world/sv/photo, https://igram.world/th/photo, https://igram.world/tr/photo, https://igram.world/vi/photo, https://igram.world/zh/photo, https://igram.world/en1/, https://igram.world/story-saver, https://igram.world/reels-downloader, https://igram.world/igtv, https://downloadhelper.app/download/apk/latest.apk, https://igram.world/en1/, https://igram.world/en1/, https://igram.world/carousel, https://igram.world/igtv, https://igram.world/reels-downloader, https://igram.world/story-saver, https://igram.world/threads-video-downloader, https://igram.world/contact-us, https://igram.world/privacy-policy, https://igram.world/terms-and-conditions]
]]></system-out>
    <system-err><![CDATA[Feb 24, 2026 2:59:31 PM org.openqa.selenium.devtools.CdpVersionFinder findNearestMatch
WARNING: Unable to find an exact match for CDP version 145, returning the closest version; found: 144; Please update to a Selenium version that supports CDP version 145
]]></system-err>
  </testcase>
  <testcase name="downloadStory[[{name=Instagram_video_01, url= https://www.instagram.com/p/CCbMoeejaUD/?igshid=1wrsn2r3byihx}, {name=Instagram_photo_01, url=https://www.instagram.com/p/DUJHNJMklyq/}, {name=Instagram_photo_highlights_02, url=https://www.instagram.com/stories/highlights/17959604503611048/}, {name=Instagram_stories_01, url=https://www.instagram.com/stories/natgeo/}, {name=Instagram_reels_03, url=https://www.instagram.com/p/DUojLYuDUw3/}, {name=Instagram_igtv_01, url=https://www.instagram.com/tv/CFTyivHnZNd/}, {name=Instagram_carousel_01, url=https://www.instagram.com/p/DKPjx9iI1B-/}]](1)" classname="Inc.SaveFrom.tests.Regression" time="6.937">
    <failure message="Expected condition failed: waiting for visibility of [[ChromeDriver: chrome on windows (20e48cefe3bccb6706aab283d5f75e05)] -&gt; xpath: //ins]&#10;(tried for 7 seconds with 500 milliseconds interval)&#10;Build info: version: &apos;4.40.0&apos;, revision: &apos;b3333f1&apos;&#10;System info: os.name: &apos;Windows 11&apos;, os.arch: &apos;amd64&apos;, os.version: &apos;10.0&apos;, java.version: &apos;21.0.9&apos;&#10;Driver info: org.openqa.selenium.chrome.ChromeDriver&#10;Capabilities {acceptInsecureCerts: false, browserName: chrome, browserVersion: 145.0.7632.110, chrome: {chromedriverVersion: 145.0.7632.117 (de4e5d6e13b..., userDataDir: C:\Users\sofia\AppData\Loca...}, fedcm:accounts: true, goog:chromeOptions: {debuggerAddress: localhost:52724}, goog:processID: 39856, networkConnectionEnabled: false, pageLoadStrategy: normal, platformName: windows, proxy: Proxy(), se:cdp: ws://localhost:52724/devtoo..., se:cdpVersion: 145.0.7632.110, setWindowRect: true, strictFileInteractability: false, timeouts: {implicit: 0, pageLoad: 300000, script: 30000}, unhandledPromptBehavior: dismiss and notify, webauthn:extension:credBlob: true, webauthn:extension:largeBlob: true, webauthn:extension:minPinLength: true, webauthn:extension:prf: true, webauthn:virtualAuthenticators: true}&#10;Session ID: 20e48cefe3bccb6706aab283d5f75e05" type="org.openqa.selenium.TimeoutException"><![CDATA[org.openqa.selenium.TimeoutException: 
Expected condition failed: waiting for visibility of [[ChromeDriver: chrome on windows (20e48cefe3bccb6706aab283d5f75e05)] -> xpath: //ins]
(tried for 7 seconds with 500 milliseconds interval)
Build info: version: '4.40.0', revision: 'b3333f1'
System info: os.name: 'Windows 11', os.arch: 'amd64', os.version: '10.0', java.version: '21.0.9'
Driver info: org.openqa.selenium.chrome.ChromeDriver
Capabilities {acceptInsecureCerts: false, browserName: chrome, browserVersion: 145.0.7632.110, chrome: {chromedriverVersion: 145.0.7632.117 (de4e5d6e13b..., userDataDir: C:\Users\sofia\AppData\Loca...}, fedcm:accounts: true, goog:chromeOptions: {debuggerAddress: localhost:52724}, goog:processID: 39856, networkConnectionEnabled: false, pageLoadStrategy: normal, platformName: windows, proxy: Proxy(), se:cdp: ws://localhost:52724/devtoo..., se:cdpVersion: 145.0.7632.110, setWindowRect: true, strictFileInteractability: false, timeouts: {implicit: 0, pageLoad: 300000, script: 30000}, unhandledPromptBehavior: dismiss and notify, webauthn:extension:credBlob: true, webauthn:extension:largeBlob: true, webauthn:extension:minPinLength: true, webauthn:extension:prf: true, webauthn:virtualAuthenticators: true}
Session ID: 20e48cefe3bccb6706aab283d5f75e05
	at org.openqa.selenium.support.ui.WebDriverWait.timeoutException(WebDriverWait.java:84)
	at org.openqa.selenium.support.ui.FluentWait.until(FluentWait.java:231)
	at Inc.SaveFrom.abstractComponents.AbstractComponent.waitForWebElementToAppear(AbstractComponent.java:29)
	at Inc.SaveFrom.pageObjects.MainPage.gotoStory(MainPage.java:280)
	at Inc.SaveFrom.tests.Regression.downloadStory(Regression.java:70)
	at java.base/jdk.internal.reflect.DirectMethodHandleAccessor.invoke(DirectMethodHandleAccessor.java:103)
	at java.base/java.lang.reflect.Method.invoke(Method.java:580)
	at org.testng.internal.invokers.MethodInvocationHelper.invokeMethod(MethodInvocationHelper.java:141)
	at org.testng.internal.invokers.TestInvoker.invokeMethod(TestInvoker.java:697)
	at org.testng.internal.invokers.TestInvoker.invokeTestMethod(TestInvoker.java:230)
	at org.testng.internal.invokers.MethodRunner.runInSequence(MethodRunner.java:63)
	at org.testng.internal.invokers.TestInvoker$MethodInvocationAgent.invoke(TestInvoker.java:1005)
	at org.testng.internal.invokers.TestInvoker.invokeTestMethods(TestInvoker.java:203)
	at org.testng.internal.invokers.TestMethodWorker.invokeTestMethods(TestMethodWorker.java:154)
	at org.testng.internal.invokers.TestMethodWorker.run(TestMethodWorker.java:134)
	at java.base/java.util.ArrayList.forEach(ArrayList.java:1596)
	at org.testng.TestRunner.privateRun(TestRunner.java:744)
	at org.testng.TestRunner.run(TestRunner.java:616)
	at org.testng.SuiteRunner.runTest(SuiteRunner.java:421)
	at org.testng.SuiteRunner$SuiteWorker.run(SuiteRunner.java:463)
	at org.testng.internal.thread.ThreadUtil.lambda$execute$0(ThreadUtil.java:64)
	at java.base/java.util.concurrent.FutureTask.run(FutureTask.java:317)
	at java.base/java.util.concurrent.ThreadPoolExecutor.runWorker(ThreadPoolExecutor.java:1144)
	at java.base/java.util.concurrent.ThreadPoolExecutor$Worker.run(ThreadPoolExecutor.java:642)
	at java.base/java.lang.Thread.run(Thread.java:1583)
]]></failure>
    <system-out><![CDATA[[https://igram.world/en1/, https://igram.world/faq, https://igram.world/ar/reels-downloader, https://igram.world/bn/reels-downloader, https://igram.world/cs/reels-downloader, https://igram.world/de/reels-downloader, https://igram.world/el/reels-downloader, https://igram.world/es/reels-downloader, https://igram.world/fa/reels-downloader, https://igram.world/fr/reels-downloader, https://igram.world/hi/reels-downloader, https://igram.world/hu/reels-downloader, https://igram.world/id/reels-downloader, https://igram.world/it/reels-downloader, https://igram.world/ja/reels-downloader, https://igram.world/ko/reels-downloader, https://igram.world/ms/reels-downloader, https://igram.world/nl/reels-downloader, https://igram.world/pl/reels-downloader, https://igram.world/pt/reels-downloader, https://igram.world/ro/reels-downloader, https://igram.world/ru/reels-downloader, https://igram.world/sk/reels-downloader, https://igram.world/sr/reels-downloader, https://igram.world/sv/reels-downloader, https://igram.world/th/reels-downloader, https://igram.world/tr/reels-downloader, https://igram.world/vi/reels-downloader, https://igram.world/zh/reels-downloader, https://igram.world/en1/, https://igram.world/photo, https://igram.world/story-saver, https://igram.world/igtv, https://downloadhelper.app/download/apk/latest.apk, https://igram.world/en1/, https://igram.world/en1/, https://igram.world/carousel, https://igram.world/igtv, https://igram.world/photo, https://igram.world/story-saver, https://igram.world/threads-video-downloader, https://igram.world/contact-us, https://igram.world/privacy-policy, https://igram.world/terms-and-conditions]
]]></system-out>
    <system-err><![CDATA[Feb 24, 2026 2:59:54 PM org.openqa.selenium.devtools.CdpVersionFinder findNearestMatch
WARNING: Unable to find an exact match for CDP version 145, returning the closest version; found: 144; Please update to a Selenium version that supports CDP version 145
]]></system-err>
  </testcase>
  <testcase name="downloadVideoandPhoto[[{name=Instagram_video_01, url= https://www.instagram.com/p/CCbMoeejaUD/?igshid=1wrsn2r3byihx}, {name=Instagram_photo_01, url=https://www.instagram.com/p/DUJHNJMklyq/}, {name=Instagram_photo_highlights_02, url=https://www.instagram.com/stories/highlights/17959604503611048/}, {name=Instagram_stories_01, url=https://www.instagram.com/stories/natgeo/}, {name=Instagram_reels_03, url=https://www.instagram.com/p/DUojLYuDUw3/}, {name=Instagram_igtv_01, url=https://www.instagram.com/tv/CFTyivHnZNd/}, {name=Instagram_carousel_01, url=https://www.instagram.com/p/DKPjx9iI1B-/}]](1)" classname="Inc.SaveFrom.tests.Regression" time="9.046">
    <failure message="Expected condition failed: waiting for visibility of [[ChromeDriver: chrome on windows (e51076fce6421c41e0494d0f58bafa60)] -&gt; xpath: //ins]&#10;(tried for 7 seconds with 500 milliseconds interval)&#10;Build info: version: &apos;4.40.0&apos;, revision: &apos;b3333f1&apos;&#10;System info: os.name: &apos;Windows 11&apos;, os.arch: &apos;amd64&apos;, os.version: &apos;10.0&apos;, java.version: &apos;21.0.9&apos;&#10;Driver info: org.openqa.selenium.chrome.ChromeDriver&#10;Capabilities {acceptInsecureCerts: false, browserName: chrome, browserVersion: 145.0.7632.110, chrome: {chromedriverVersion: 145.0.7632.117 (de4e5d6e13b..., userDataDir: C:\Users\sofia\AppData\Loca...}, fedcm:accounts: true, goog:chromeOptions: {debuggerAddress: localhost:50179}, goog:processID: 12244, networkConnectionEnabled: false, pageLoadStrategy: normal, platformName: windows, proxy: Proxy(), se:cdp: ws://localhost:50179/devtoo..., se:cdpVersion: 145.0.7632.110, setWindowRect: true, strictFileInteractability: false, timeouts: {implicit: 0, pageLoad: 300000, script: 30000}, unhandledPromptBehavior: dismiss and notify, webauthn:extension:credBlob: true, webauthn:extension:largeBlob: true, webauthn:extension:minPinLength: true, webauthn:extension:prf: true, webauthn:virtualAuthenticators: true}&#10;Session ID: e51076fce6421c41e0494d0f58bafa60" type="org.openqa.selenium.TimeoutException"><![CDATA[org.openqa.selenium.TimeoutException: 
Expected condition failed: waiting for visibility of [[ChromeDriver: chrome on windows (e51076fce6421c41e0494d0f58bafa60)] -> xpath: //ins]
(tried for 7 seconds with 500 milliseconds interval)
Build info: version: '4.40.0', revision: 'b3333f1'
System info: os.name: 'Windows 11', os.arch: 'amd64', os.version: '10.0', java.version: '21.0.9'
Driver info: org.openqa.selenium.chrome.ChromeDriver
Capabilities {acceptInsecureCerts: false, browserName: chrome, browserVersion: 145.0.7632.110, chrome: {chromedriverVersion: 145.0.7632.117 (de4e5d6e13b..., userDataDir: C:\Users\sofia\AppData\Loca...}, fedcm:accounts: true, goog:chromeOptions: {debuggerAddress: localhost:50179}, goog:processID: 12244, networkConnectionEnabled: false, pageLoadStrategy: normal, platformName: windows, proxy: Proxy(), se:cdp: ws://localhost:50179/devtoo..., se:cdpVersion: 145.0.7632.110, setWindowRect: true, strictFileInteractability: false, timeouts: {implicit: 0, pageLoad: 300000, script: 30000}, unhandledPromptBehavior: dismiss and notify, webauthn:extension:credBlob: true, webauthn:extension:largeBlob: true, webauthn:extension:minPinLength: true, webauthn:extension:prf: true, webauthn:virtualAuthenticators: true}
Session ID: e51076fce6421c41e0494d0f58bafa60
	at org.openqa.selenium.support.ui.WebDriverWait.timeoutException(WebDriverWait.java:84)
	at org.openqa.selenium.support.ui.FluentWait.until(FluentWait.java:231)
	at Inc.SaveFrom.abstractComponents.AbstractComponent.waitForWebElementToAppear(AbstractComponent.java:29)
	at Inc.SaveFrom.pageObjects.MainPage.acceptConsentDataWithAds(MainPage.java:111)
	at Inc.SaveFrom.tests.Regression.downloadVideoandPhoto(Regression.java:41)
	at java.base/jdk.internal.reflect.DirectMethodHandleAccessor.invoke(DirectMethodHandleAccessor.java:103)
	at java.base/java.lang.reflect.Method.invoke(Method.java:580)
	at org.testng.internal.invokers.MethodInvocationHelper.invokeMethod(MethodInvocationHelper.java:141)
	at org.testng.internal.invokers.TestInvoker.invokeMethod(TestInvoker.java:697)
	at org.testng.internal.invokers.TestInvoker.invokeTestMethod(TestInvoker.java:230)
	at org.testng.internal.invokers.MethodRunner.runInSequence(MethodRunner.java:63)
	at org.testng.internal.invokers.TestInvoker$MethodInvocationAgent.invoke(TestInvoker.java:1005)
	at org.testng.internal.invokers.TestInvoker.invokeTestMethods(TestInvoker.java:203)
	at org.testng.internal.invokers.TestMethodWorker.invokeTestMethods(TestMethodWorker.java:154)
	at org.testng.internal.invokers.TestMethodWorker.run(TestMethodWorker.java:134)
	at java.base/java.util.ArrayList.forEach(ArrayList.java:1596)
	at org.testng.TestRunner.privateRun(TestRunner.java:744)
	at org.testng.TestRunner.run(TestRunner.java:616)
	at org.testng.SuiteRunner.runTest(SuiteRunner.java:421)
	at org.testng.SuiteRunner$SuiteWorker.run(SuiteRunner.java:463)
	at org.testng.internal.thread.ThreadUtil.lambda$execute$0(ThreadUtil.java:64)
	at java.base/java.util.concurrent.FutureTask.run(FutureTask.java:317)
	at java.base/java.util.concurrent.ThreadPoolExecutor.runWorker(ThreadPoolExecutor.java:1144)
	at java.base/java.util.concurrent.ThreadPoolExecutor$Worker.run(ThreadPoolExecutor.java:642)
	at java.base/java.lang.Thread.run(Thread.java:1583)
]]></failure>
    <system-err><![CDATA[Feb 24, 2026 3:00:03 PM org.openqa.selenium.devtools.CdpVersionFinder findNearestMatch
WARNING: Unable to find an exact match for CDP version 145, returning the closest version; found: 144; Please update to a Selenium version that supports CDP version 145
]]></system-err>
  </testcase>
  <testcase name="igtvPageLinks" classname="Inc.SaveFrom.tests.LinkHealthTest" time="8.602">
    <system-err><![CDATA[Feb 24, 2026 2:59:05 PM org.openqa.selenium.devtools.CdpVersionFinder findNearestMatch
WARNING: Unable to find an exact match for CDP version 145, returning the closest version; found: 144; Please update to a Selenium version that supports CDP version 145
]]></system-err>
  </testcase>
  <testcase name="mainPageLinks" classname="Inc.SaveFrom.tests.LinkHealthTest" time="2.006">
    <system-err><![CDATA[Feb 24, 2026 2:59:28 PM org.openqa.selenium.devtools.CdpVersionFinder findNearestMatch
WARNING: Unable to find an exact match for CDP version 145, returning the closest version; found: 144; Please update to a Selenium version that supports CDP version 145
]]></system-err>
  </testcase>
  <testcase name="photoPageLinks" classname="Inc.SaveFrom.tests.LinkHealthTest" time="0.934">
    <system-err><![CDATA[Feb 24, 2026 2:59:51 PM org.openqa.selenium.devtools.CdpVersionFinder findNearestMatch
WARNING: Unable to find an exact match for CDP version 145, returning the closest version; found: 144; Please update to a Selenium version that supports CDP version 145
]]></system-err>
  </testcase>
  <testcase name="reelsPageLinks" classname="Inc.SaveFrom.tests.LinkHealthTest" time="9.479"/>
  <testcase name="storyPageLinks" classname="Inc.SaveFrom.tests.LinkHealthTest" time="17.948">
    <system-out><![CDATA[[https://igram.world/en1/, https://igram.world/faq, https://igram.world/ar/story-saver, https://igram.world/bn/story-saver, https://igram.world/cs/story-saver, https://igram.world/de/story-saver, https://igram.world/el/story-saver, https://igram.world/es/story-saver, https://igram.world/fa/story-saver, https://igram.world/fr/story-saver, https://igram.world/hi/story-saver, https://igram.world/hu/story-saver, https://igram.world/id/story-saver, https://igram.world/it/story-saver, https://igram.world/ja/story-saver, https://igram.world/ko/story-saver, https://igram.world/ms/story-saver, https://igram.world/nl/story-saver, https://igram.world/pl/story-saver, https://igram.world/pt/story-saver, https://igram.world/ro/story-saver, https://igram.world/ru/story-saver, https://igram.world/sk/story-saver, https://igram.world/sr/story-saver, https://igram.world/sv/story-saver, https://igram.world/th/story-saver, https://igram.world/tr/story-saver, https://igram.world/vi/story-saver, https://igram.world/zh/story-saver, https://igram.world/en1/, https://igram.world/photo, https://igram.world/reels-downloader, https://igram.world/igtv, https://downloadhelper.app/download/apk/latest.apk, https://igram.world/en1/, https://igram.world/en1/, https://igram.world/carousel, https://igram.world/igtv, https://igram.world/photo, https://igram.world/reels-downloader, https://igram.world/threads-video-downloader, https://igram.world/contact-us, https://igram.world/privacy-policy, https://igram.world/terms-and-conditions]
]]></system-out>
    <system-err><![CDATA[Feb 24, 2026 3:00:14 PM org.openqa.selenium.devtools.CdpVersionFinder findNearestMatch
WARNING: Unable to find an exact match for CDP version 145, returning the closest version; found: 144; Please update to a Selenium version that supports CDP version 145
]]></system-err>
  </testcase>
</testsuite>