<?xml version="1.0" encoding="UTF-8"?>
<testng-results ignored="2" total="3" passed="1" failed="0" skipped="0">
  <reporter-output>
  </reporter-output>
  <suite started-at="2026-03-13T16:14:05 CET" name="IgramWorld" finished-at="2026-03-13T16:14:09 CET" duration-ms="3970">
    <groups>
    </groups>
    <test started-at="2026-03-13T16:14:05 CET" name="DownloadFiles" finished-at="2026-03-13T16:14:09 CET" duration-ms="3970">
      <class name="Inc.SaveFrom.tests.ErrorValidation">
        <test-method is-config="true" signature="setUp()[pri:0, instance:Inc.SaveFrom.tests.ErrorValidation@6bb4dd34]" started-at="2026-03-13T16:14:05 CET" name="setUp" finished-at="2026-03-13T16:14:07 CET" duration-ms="2009" status="PASS">
          <reporter-output>
          </reporter-output>
        </test-method> <!-- setUp -->
        <test-method signature="emptyRequest()[pri:0, instance:Inc.SaveFrom.tests.ErrorValidation@6bb4dd34]" started-at="2026-03-13T16:14:07 CET" name="emptyRequest" finished-at="2026-03-13T16:14:09 CET" duration-ms="1603" status="PASS">
          <reporter-output>
          </reporter-output>
        </test-method> <!-- emptyRequest -->
        <test-method is-config="true" signature="tearDown()[pri:0, instance:Inc.SaveFrom.tests.ErrorValidation@6bb4dd34]" started-at="2026-03-13T16:14:09 CET" name="tearDown" finished-at="2026-03-13T16:14:09 CET" duration-ms="320" status="PASS">
          <reporter-output>
          </reporter-output>
        </test-method> <!-- tearDown -->
      </class> <!-- Inc.SaveFrom.tests.ErrorValidation -->
    </test> <!-- DownloadFiles -->
  </suite> <!-- IgramWorld -->
</testng-results>
