<?xml version="1.0" encoding="UTF-8"?>
<testng-results ignored="0" total="5" passed="5" failed="0" skipped="0">
  <reporter-output>
  </reporter-output>
  <suite started-at="2026-02-24T21:49:48 CET" name="Default suite" finished-at="2026-02-24T21:52:30 CET" duration-ms="161894">
    <groups>
    </groups>
    <test started-at="2026-02-24T21:49:48 CET" name="Default test" finished-at="2026-02-24T21:52:30 CET" duration-ms="161894">
      <class name="Inc.SaveFrom.tests.Regression">
        <test-method is-config="true" signature="setUp()[pri:0, instance:Inc.SaveFrom.tests.Regression@175c2241]" started-at="2026-02-24T21:49:48 CET" name="setUp" finished-at="2026-02-24T21:49:51 CET" duration-ms="2320" status="PASS">
          <reporter-output>
          </reporter-output>
        </test-method> <!-- setUp -->
        <test-method signature="checkInputField()[pri:0, instance:Inc.SaveFrom.tests.Regression@175c2241]" started-at="2026-02-24T21:49:51 CET" name="checkInputField" finished-at="2026-02-24T21:49:52 CET" duration-ms="1784" status="PASS">
          <reporter-output>
          </reporter-output>
        </test-method> <!-- checkInputField -->
        <test-method is-config="true" signature="tearDown()[pri:0, instance:Inc.SaveFrom.tests.Regression@175c2241]" started-at="2026-02-24T21:49:52 CET" name="tearDown" finished-at="2026-02-24T21:49:53 CET" duration-ms="264" status="PASS">
          <reporter-output>
          </reporter-output>
        </test-method> <!-- tearDown -->
        <test-method is-config="true" signature="setUp()[pri:0, instance:Inc.SaveFrom.tests.Regression@175c2241]" started-at="2026-02-24T21:49:53 CET" name="setUp" finished-at="2026-02-24T21:49:54 CET" duration-ms="1701" status="PASS">
          <reporter-output>
          </reporter-output>
        </test-method> <!-- setUp -->
        <test-method signature="downloadByProfile()[pri:0, instance:Inc.SaveFrom.tests.Regression@175c2241]" started-at="2026-02-24T21:49:54 CET" name="downloadByProfile" finished-at="2026-02-24T21:50:28 CET" duration-ms="33625" status="PASS">
          <reporter-output>
          </reporter-output>
        </test-method> <!-- downloadByProfile -->
        <test-method is-config="true" signature="tearDown()[pri:0, instance:Inc.SaveFrom.tests.Regression@175c2241]" started-at="2026-02-24T21:50:28 CET" name="tearDown" finished-at="2026-02-24T21:50:28 CET" duration-ms="432" status="PASS">
          <reporter-output>
          </reporter-output>
        </test-method> <!-- tearDown -->
        <test-method is-config="true" signature="setUp()[pri:0, instance:Inc.SaveFrom.tests.Regression@175c2241]" started-at="2026-02-24T21:50:29 CET" name="setUp" finished-at="2026-02-24T21:50:31 CET" duration-ms="1888" status="PASS">
          <reporter-output>
          </reporter-output>
        </test-method> <!-- setUp -->
        <test-method signature="downloadReelsAndIgtv(java.util.List)[pri:0, instance:Inc.SaveFrom.tests.Regression@175c2241]" started-at="2026-02-24T21:50:31 CET" name="downloadReelsAndIgtv" data-provider="getData" finished-at="2026-02-24T21:51:06 CET" duration-ms="35377" status="PASS">
          <params>
            <param index="0">
              <value>
                <![CDATA[[{name=Instagram_video_01, url= https://www.instagram.com/p/CCbMoeejaUD/?igshid=1wrsn2r3byihx}, {name=Instagram_photo_01, url=https://www.instagram.com/p/DUJHNJMklyq/}, {name=Instagram_photo_highlights_02, url=https://www.instagram.com/stories/highlights/17959604503611048/}, {name=Instagram_stories_01, url=https://www.instagram.com/stories/natgeo/}, {name=Instagram_reels_03, url=https://www.instagram.com/p/DUojLYuDUw3/}, {name=Instagram_igtv_01, url=https://www.instagram.com/tv/CFTyivHnZNd/}, {name=Instagram_carousel_01, url=https://www.instagram.com/p/DKPjx9iI1B-/}]]]>
              </value>
            </param>
          </params>
          <reporter-output>
          </reporter-output>
        </test-method> <!-- downloadReelsAndIgtv -->
        <test-method is-config="true" signature="tearDown()[pri:0, instance:Inc.SaveFrom.tests.Regression@175c2241]" started-at="2026-02-24T21:51:06 CET" name="tearDown" finished-at="2026-02-24T21:51:06 CET" duration-ms="450" status="PASS">
          <reporter-output>
          </reporter-output>
        </test-method> <!-- tearDown -->
        <test-method is-config="true" signature="setUp()[pri:0, instance:Inc.SaveFrom.tests.Regression@175c2241]" started-at="2026-02-24T21:51:06 CET" name="setUp" finished-at="2026-02-24T21:51:08 CET" duration-ms="1678" status="PASS">
          <reporter-output>
          </reporter-output>
        </test-method> <!-- setUp -->
        <test-method signature="downloadStory(java.util.List)[pri:0, instance:Inc.SaveFrom.tests.Regression@175c2241]" started-at="2026-02-24T21:51:08 CET" name="downloadStory" data-provider="getData" finished-at="2026-02-24T21:51:30 CET" duration-ms="22021" status="PASS">
          <params>
            <param index="0">
              <value>
                <![CDATA[[{name=Instagram_video_01, url= https://www.instagram.com/p/CCbMoeejaUD/?igshid=1wrsn2r3byihx}, {name=Instagram_photo_01, url=https://www.instagram.com/p/DUJHNJMklyq/}, {name=Instagram_photo_highlights_02, url=https://www.instagram.com/stories/highlights/17959604503611048/}, {name=Instagram_stories_01, url=https://www.instagram.com/stories/natgeo/}, {name=Instagram_reels_03, url=https://www.instagram.com/p/DUojLYuDUw3/}, {name=Instagram_igtv_01, url=https://www.instagram.com/tv/CFTyivHnZNd/}, {name=Instagram_carousel_01, url=https://www.instagram.com/p/DKPjx9iI1B-/}]]]>
              </value>
            </param>
          </params>
          <reporter-output>
          </reporter-output>
        </test-method> <!-- downloadStory -->
        <test-method is-config="true" signature="tearDown()[pri:0, instance:Inc.SaveFrom.tests.Regression@175c2241]" started-at="2026-02-24T21:51:30 CET" name="tearDown" finished-at="2026-02-24T21:51:31 CET" duration-ms="401" status="PASS">
          <reporter-output>
          </reporter-output>
        </test-method> <!-- tearDown -->
        <test-method is-config="true" signature="setUp()[pri:0, instance:Inc.SaveFrom.tests.Regression@175c2241]" started-at="2026-02-24T21:51:31 CET" name="setUp" finished-at="2026-02-24T21:51:32 CET" duration-ms="1714" status="PASS">
          <reporter-output>
          </reporter-output>
        </test-method> <!-- setUp -->
        <test-method signature="downloadVideoandPhoto(java.util.List)[pri:0, instance:Inc.SaveFrom.tests.Regression@175c2241]" started-at="2026-02-24T21:51:32 CET" name="downloadVideoandPhoto" data-provider="getData" finished-at="2026-02-24T21:52:30 CET" duration-ms="57397" status="PASS">
          <params>
            <param index="0">
              <value>
                <![CDATA[[{name=Instagram_video_01, url= https://www.instagram.com/p/CCbMoeejaUD/?igshid=1wrsn2r3byihx}, {name=Instagram_photo_01, url=https://www.instagram.com/p/DUJHNJMklyq/}, {name=Instagram_photo_highlights_02, url=https://www.instagram.com/stories/highlights/17959604503611048/}, {name=Instagram_stories_01, url=https://www.instagram.com/stories/natgeo/}, {name=Instagram_reels_03, url=https://www.instagram.com/p/DUojLYuDUw3/}, {name=Instagram_igtv_01, url=https://www.instagram.com/tv/CFTyivHnZNd/}, {name=Instagram_carousel_01, url=https://www.instagram.com/p/DKPjx9iI1B-/}]]]>
              </value>
            </param>
          </params>
          <reporter-output>
          </reporter-output>
        </test-method> <!-- downloadVideoandPhoto -->
        <test-method is-config="true" signature="tearDown()[pri:0, instance:Inc.SaveFrom.tests.Regression@175c2241]" started-at="2026-02-24T21:52:30 CET" name="tearDown" finished-at="2026-02-24T21:52:30 CET" duration-ms="431" status="PASS">
          <reporter-output>
          </reporter-output>
        </test-method> <!-- tearDown -->
      </class> <!-- Inc.SaveFrom.tests.Regression -->
    </test> <!-- Default test -->
  </suite> <!-- Default suite -->
</testng-results>
