<?xml version="1.0" encoding="UTF-8"?>
<!-- Generated by org.testng.reporters.JUnitReportReporter -->
<testsuite hostname="DESKTOP-J7CV5QU" failures="0" tests="5" name="Inc.SaveFrom.tests.Regression" time="161.483" errors="0" timestamp="2026-02-24T21:52:30 CET" skipped="0">
  <testcase classname="Inc.SaveFrom.tests.Regression" name="downloadVideoandPhoto" time="59.530"/>
  <testcase classname="Inc.SaveFrom.tests.Regression" name="downloadStory" time="24.791"/>
  <testcase classname="Inc.SaveFrom.tests.Regression" name="downloadReelsAndIgtv" time="37.522"/>
  <testcase classname="Inc.SaveFrom.tests.Regression" name="checkInputField" time="3.726"/>
  <testcase classname="Inc.SaveFrom.tests.Regression" name="downloadByProfile" time="35.914"/>
</testsuite> <!-- Inc.SaveFrom.tests.Regression -->
