<?xml version="1.0" encoding="UTF-8"?>
<!-- Generated by org.testng.reporters.JUnitReportReporter -->
<testsuite hostname="DESKTOP-J7CV5QU" failures="0" tests="5" name="Inc.SaveFrom.tests.LinkHealthTest" time="100.619" errors="0" timestamp="2026-02-24T15:00:33 CET" skipped="0">
  <testcase classname="Inc.SaveFrom.tests.LinkHealthTest" name="igtvPageLinks" time="23.072"/>
  <testcase classname="Inc.SaveFrom.tests.LinkHealthTest" name="storyPageLinks" time="19.884"/>
  <testcase classname="Inc.SaveFrom.tests.LinkHealthTest" name="photoPageLinks" time="22.678"/>
  <testcase classname="Inc.SaveFrom.tests.LinkHealthTest" name="mainPageLinks" time="15.200"/>
  <testcase classname="Inc.SaveFrom.tests.LinkHealthTest" name="reelsPageLinks" time="19.785"/>
</testsuite> <!-- Inc.SaveFrom.tests.LinkHealthTest -->
